Determining if the pthread_create exist failed with the following output:
Change Dir: /home/ubuntu/lab3/build/CMakeFiles/CMakeTmp

Run Build Command:"/usr/bin/make" "cmTC_cd42c/fast"
/usr/bin/make -f CMakeFiles/cmTC_cd42c.dir/build.make CMakeFiles/cmTC_cd42c.dir/build
make[1]: Entering directory '/home/ubuntu/lab3/build/CMakeFiles/CMakeTmp'
Building C object CMakeFiles/cmTC_cd42c.dir/CheckSymbolExists.c.o
/usr/bin/cc    -o CMakeFiles/cmTC_cd42c.dir/CheckSymbolExists.c.o   -c /home/ubuntu/lab3/build/CMakeFiles/CMakeTmp/CheckSymbolExists.c
Linking C executable cmTC_cd42c
/usr/bin/cmake -E cmake_link_script CMakeFiles/cmTC_cd42c.dir/link.txt --verbose=1
/usr/bin/cc      -rdynamic CMakeFiles/cmTC_cd42c.dir/CheckSymbolExists.c.o  -o cmTC_cd42c 
CMakeFiles/cmTC_cd42c.dir/CheckSymbolExists.c.o: In function `main':
CheckSymbolExists.c:(.text+0x1b): undefined reference to `pthread_create'
collect2: error: ld returned 1 exit status
CMakeFiles/cmTC_cd42c.dir/build.make:97: recipe for target 'cmTC_cd42c' failed
make[1]: *** [cmTC_cd42c] Error 1
make[1]: Leaving directory '/home/ubuntu/lab3/build/CMakeFiles/CMakeTmp'
Makefile:126: recipe for target 'cmTC_cd42c/fast' failed
make: *** [cmTC_cd42c/fast] Error 2

File /home/ubuntu/lab3/build/CMakeFiles/CMakeTmp/CheckSymbolExists.c:
/* */
#include <pthread.h>

int main(int argc, char** argv)
{
  (void)argv;
#ifndef pthread_create
  return ((int*)(&pthread_create))[argc];
#else
  (void)argc;
  return 0;
#endif
}

Determining if the function pthread_create exists in the pthreads failed with the following output:
Change Dir: /home/ubuntu/lab3/build/CMakeFiles/CMakeTmp

Run Build Command:"/usr/bin/make" "cmTC_13e8b/fast"
/usr/bin/make -f CMakeFiles/cmTC_13e8b.dir/build.make CMakeFiles/cmTC_13e8b.dir/build
make[1]: Entering directory '/home/ubuntu/lab3/build/CMakeFiles/CMakeTmp'
Building C object CMakeFiles/cmTC_13e8b.dir/CheckFunctionExists.c.o
/usr/bin/cc   -DCHECK_FUNCTION_EXISTS=pthread_create   -o CMakeFiles/cmTC_13e8b.dir/CheckFunctionExists.c.o   -c /usr/share/cmake-3.10/Modules/CheckFunctionExists.c
Linking C executable cmTC_13e8b
/usr/bin/cmake -E cmake_link_script CMakeFiles/cmTC_13e8b.dir/link.txt --verbose=1
/usr/bin/cc  -DCHECK_FUNCTION_EXISTS=pthread_create    -rdynamic CMakeFiles/cmTC_13e8b.dir/CheckFunctionExists.c.o  -o cmTC_13e8b -lpthreads 
/usr/bin/ld: cannot find -lpthreads
collect2: error: ld returned 1 exit status
CMakeFiles/cmTC_13e8b.dir/build.make:97: recipe for target 'cmTC_13e8b' failed
make[1]: *** [cmTC_13e8b] Error 1
make[1]: Leaving directory '/home/ubuntu/lab3/build/CMakeFiles/CMakeTmp'
Makefile:126: recipe for target 'cmTC_13e8b/fast' failed
make: *** [cmTC_13e8b/fast] Error 2


